<?xml version="1.0" encoding="UTF-8"?>
<testng-results skipped="0" failed="0" ignored="0" total="1" passed="1">
  <reporter-output>
  </reporter-output>
  <suite name="Default suite" duration-ms="8047" started-at="2020-05-28T15:52:36Z" finished-at="2020-05-28T15:52:44Z">
    <groups>
    </groups>
    <test name="Default test" duration-ms="8047" started-at="2020-05-28T15:52:36Z" finished-at="2020-05-28T15:52:44Z">
      <class name="WindowsApp.WindowsApplication.NotePadTest">
        <test-method status="PASS" signature="configBC()[pri:0, instance:WindowsApp.WindowsApplication.NotePadTest@77cd7a0]" name="configBC" is-config="true" duration-ms="1208" started-at="2020-05-28T15:52:36Z" finished-at="2020-05-28T15:52:37Z">
          <reporter-output>
          </reporter-output>
        </test-method> <!-- configBC -->
        <test-method status="PASS" signature="clickHelp_About_TestCase()[pri:0, instance:WindowsApp.WindowsApplication.NotePadTest@77cd7a0]" name="clickHelp_About_TestCase" duration-ms="4532" started-at="2020-05-28T15:52:37Z" finished-at="2020-05-28T15:52:42Z">
          <reporter-output>
          </reporter-output>
        </test-method> <!-- clickHelp_About_TestCase -->
        <test-method status="PASS" signature="configAC()[pri:0, instance:WindowsApp.WindowsApplication.NotePadTest@77cd7a0]" name="configAC" is-config="true" duration-ms="2278" started-at="2020-05-28T15:52:42Z" finished-at="2020-05-28T15:52:44Z">
          <reporter-output>
          </reporter-output>
        </test-method> <!-- configAC -->
      </class> <!-- WindowsApp.WindowsApplication.NotePadTest -->
    </test> <!-- Default test -->
  </suite> <!-- Default suite -->
</testng-results>
